Arguments: 
  /Users/Dencherdan/.nvm/versions/node/v16.13.1/bin/node /Users/Dencherdan/.nvm/versions/node/v16.13.1/bin/yarn add react-leaflet

PATH: 
  ./bin:./node_modules/.bin:/Users/Dencherdan/.nvm/versions/node/v16.13.1/bin:/Users/Dencherdan/.rbenv/shims:/Users/Dencherdan/.rbenv/bin:/Users/Dencherdan/.pyenv/bin:/usr/local/bin:/usr/bin:/bin:/usr/sbin:/sbin:./bin:./node_modules/.bin:/Users/Dencherdan/.nvm/versions/node/v16.13.1/bin:/Users/Dencherdan/.rbenv/shims:/Users/Dencherdan/.rbenv/bin:/Users/Dencherdan/.pyenv/bin:/usr/local/sbin:/usr/local/sbin

Yarn version: 
  1.22.18

Node version: 
  16.13.1

Platform: 
  darwin x64

Trace: 
  Error: ENOSPC: no space left on device, copyfile '/Users/Dencherdan/Library/Caches/Yarn/v6/npm-source-map-0.6.1-74722af32e9614e9c287a8d0bbde48b5e2f1a263-integrity/node_modules/source-map/lib/base64-vlq.js' -> '/Users/Dencherdan/Desktop/projects/my-app/node_modules/source-map/lib/base64-vlq.js'

npm manifest: 
  {
    "name": "my-app",
    "version": "0.1.0",
    "private": true,
    "dependencies": {
      "@testing-library/jest-dom": "^5.16.5",
      "@testing-library/react": "^13.4.0",
      "@testing-library/user-event": "^13.5.0",
      "@types/jest": "^27.5.2",
      "@types/node": "^16.18.11",
      "@types/react": "^18.0.27",
      "@types/react-dom": "^18.0.10",
      "react": "^18.2.0",
      "react-dom": "^18.2.0",
      "react-router-dom": "^6.8.1",
      "react-scripts": "^2.1.3",
      "reset-css": "^5.0.1",
      "typescript": "^4.9.5",
      "web-vitals": "^2.1.4"
    },
    "scripts": {
      "start": "react-scripts start",
      "build": "react-scripts build",
      "test": "react-scripts test",
      "eject": "react-scripts eject"
    },
    "eslintConfig": {
      "extends": [
        "react-app"
      ]
    },
    "browserslist": {
      "production": [
        ">0.2%",
        "not dead",
        "not op_mini all"
      ],
      "development": [
        "last 1 chrome version",
        "last 1 firefox version",
        "last 1 safari version"
      ]
    }
  }

yarn manifest: 
  No manifest

Lockfile: 
  No lockfile
